{
  "stats": {
    "suites": 1,
    "tests": 2,
    "passes": 2,
    "pending": 0,
    "failures": 0,
    "start": "2025-02-27T22:43:35.684Z",
    "end": "2025-02-27T22:44:00.529Z",
    "duration": 24845,
    "testsRegistered": 2,
    "passPercent": 100,
    "pendingPercent": 0,
    "other": 0,
    "hasOther": false,
    "skipped": 0,
    "hasSkipped": false
  },
  "results": [
    {
      "uuid": "c3573cca-ebed-472f-a46a-27d32f5f89da",
      "title": "",
      "fullFile": "cypress\\e2e\\Valida Formulario.cy.js",
      "file": "cypress\\e2e\\Valida Formulario.cy.js",
      "beforeHooks": [],
      "afterHooks": [],
      "tests": [],
      "suites": [
        {
          "uuid": "025fa5c6-7da0-4aae-8b8d-1e6f1ba8e7b2",
          "title": "Valida Formulario",
          "fullFile": "",
          "file": "",
          "beforeHooks": [],
          "afterHooks": [],
          "tests": [
            {
              "title": " Enviando dados corretamente",
              "fullTitle": "Valida Formulario  Enviando dados corretamente",
              "timedOut": null,
              "duration": 14839,
              "state": "passed",
              "speed": "slow",
              "pass": true,
              "fail": false,
              "pending": false,
              "context": null,
              "code": "cy.get('#form-field-name').type('Teste');\ncy.get('#form-field-email').type('teste@teste.com');\ncy.get('#form-field-message').type('Empresa teste');\ncy.get('#form-field-field_f4f7f90');\ncy.get('#form-field-field_195975d').type('48999999999');\ncy.get('#form-field-field_98bbe7d').type('Teste texto');\ncy.get('.elementor-field-type-submit > .elementor-button > .elementor-button-content-wrapper > .elementor-button-text').click({\n  force: true\n});\ncy.get('.elementor-message').contains('Inscrição realizada com sucesso! Em breve nosso time entrará em contato.').should('be.visible');",
              "err": {},
              "uuid": "be1d725e-1ce6-4453-a64a-7e9b390053d0",
              "parentUUID": "025fa5c6-7da0-4aae-8b8d-1e6f1ba8e7b2",
              "isHook": false,
              "skipped": false
            },
            {
              "title": " Enviando dados Incorretos",
              "fullTitle": "Valida Formulario  Enviando dados Incorretos",
              "timedOut": null,
              "duration": 5789,
              "state": "passed",
              "speed": "medium",
              "pass": true,
              "fail": false,
              "pending": false,
              "context": null,
              "code": "cy.get('#form-field-name').type('123????4');\ncy.get('#form-field-email').type('teste@teste.com');\ncy.get('#form-field-message').type('????');\ncy.get('#form-field-field_f4f7f90');\ncy.get('#form-field-field_195975d').type('texto???');\ncy.get('#form-field-field_98bbe7d').type('&&&***¨*%¨%¨%¨%');\ncy.get('.elementor-field-type-submit > .elementor-button > .elementor-button-content-wrapper > .elementor-button-text').click({\n  force: true\n});\ncy.get('.elementor-message').contains('Inscrição realizada com sucesso! Em breve nosso time entrará em contato.').should('be.visible'); // Aqui deveria Falhar com uma fraes de dados invalidos",
              "err": {},
              "uuid": "5ef11689-7b36-4093-ab37-2c0f83c9306d",
              "parentUUID": "025fa5c6-7da0-4aae-8b8d-1e6f1ba8e7b2",
              "isHook": false,
              "skipped": false
            }
          ],
          "suites": [],
          "passes": [
            "be1d725e-1ce6-4453-a64a-7e9b390053d0",
            "5ef11689-7b36-4093-ab37-2c0f83c9306d"
          ],
          "failures": [],
          "pending": [],
          "skipped": [],
          "duration": 20628,
          "root": false,
          "rootEmpty": false,
          "_timeout": 2000
        }
      ],
      "passes": [],
      "failures": [],
      "pending": [],
      "skipped": [],
      "duration": 0,
      "root": true,
      "rootEmpty": true,
      "_timeout": 2000
    }
  ],
  "meta": {
    "mocha": {
      "version": "7.0.1"
    },
    "mochawesome": {
      "options": {
        "quiet": false,
        "reportFilename": "mochawesome",
        "saveHtml": true,
        "saveJson": true,
        "consoleReporter": "spec",
        "useInlineDiffs": false,
        "code": true
      },
      "version": "7.1.3"
    },
    "marge": {
      "options": {
        "reportDir": "cypress/reports/mochawesome",
        "overwrite": false,
        "html": true,
        "json": true,
        "timestamp": "mmddyyyy_HHMMss",
        "embeddedScreenshots": true,
        "inlineAssets": true
      },
      "version": "6.2.0"
    }
  }
}