{
  "stats": {
    "suites": 1,
    "tests": 1,
    "passes": 1,
    "pending": 0,
    "failures": 0,
    "start": "2025-02-27T21:03:35.413Z",
    "end": "2025-02-27T21:03:47.629Z",
    "duration": 12216,
    "testsRegistered": 1,
    "passPercent": 100,
    "pendingPercent": 0,
    "other": 0,
    "hasOther": false,
    "skipped": 0,
    "hasSkipped": false
  },
  "results": [
    {
      "uuid": "1ae106b0-f9b9-4f99-a379-40a5478a39eb",
      "title": "",
      "fullFile": "cypress\\e2e\\Valida quem somos.cy.js",
      "file": "cypress\\e2e\\Valida quem somos.cy.js",
      "beforeHooks": [],
      "afterHooks": [],
      "tests": [],
      "suites": [
        {
          "uuid": "3bd890d1-7f5d-4920-86c9-711859a3b19b",
          "title": "Pagina Quem Somos",
          "fullFile": "",
          "file": "",
          "beforeHooks": [],
          "afterHooks": [],
          "tests": [
            {
              "title": "Valida Informações principais",
              "fullTitle": "Pagina Quem Somos Valida Informações principais",
              "timedOut": null,
              "duration": 8804,
              "state": "passed",
              "speed": "medium",
              "pass": true,
              "fail": false,
              "pending": false,
              "context": null,
              "code": "cy.contains('Quem somos').click();\ncy.contains('Nós criamos ambientes de treinamento e estudos online para desenvolver pessoas').should('be.visible'); // Valida frase inicial do site\ncy.contains('Nossa missão é ser a solução mais confiável para nossos clientes e parceiros.').should('be.visible'); // Valida frase missão\ncy.contains('Especialistas em inovações educacionais').should('be.visible'); // Valida frase Especialidades",
              "err": {},
              "uuid": "87e59801-7ec3-40a0-828d-e8b37404ca10",
              "parentUUID": "3bd890d1-7f5d-4920-86c9-711859a3b19b",
              "isHook": false,
              "skipped": false
            }
          ],
          "suites": [],
          "passes": [
            "87e59801-7ec3-40a0-828d-e8b37404ca10"
          ],
          "failures": [],
          "pending": [],
          "skipped": [],
          "duration": 8804,
          "root": false,
          "rootEmpty": false,
          "_timeout": 2000
        }
      ],
      "passes": [],
      "failures": [],
      "pending": [],
      "skipped": [],
      "duration": 0,
      "root": true,
      "rootEmpty": true,
      "_timeout": 2000
    }
  ],
  "meta": {
    "mocha": {
      "version": "7.0.1"
    },
    "mochawesome": {
      "options": {
        "quiet": false,
        "reportFilename": "mochawesome",
        "saveHtml": true,
        "saveJson": true,
        "consoleReporter": "spec",
        "useInlineDiffs": false,
        "code": true
      },
      "version": "7.1.3"
    },
    "marge": {
      "options": {
        "reportDir": "cypress/reports/mochawesome",
        "overwrite": false,
        "html": true,
        "json": true,
        "timestamp": "mmddyyyy_HHMMss",
        "embeddedScreenshots": true,
        "inlineAssets": true
      },
      "version": "6.2.0"
    }
  }
}