{
  "stats": {
    "suites": 1,
    "tests": 3,
    "passes": 3,
    "pending": 0,
    "failures": 0,
    "start": "2025-02-27T21:23:56.222Z",
    "end": "2025-02-27T21:24:12.166Z",
    "duration": 15944,
    "testsRegistered": 3,
    "passPercent": 100,
    "pendingPercent": 0,
    "other": 0,
    "hasOther": false,
    "skipped": 0,
    "hasSkipped": false
  },
  "results": [
    {
      "uuid": "a6431037-ea10-4a5e-a080-2320896536e2",
      "title": "",
      "fullFile": "cypress\\e2e\\Valida Pagina de soluções.cy.js",
      "file": "cypress\\e2e\\Valida Pagina de soluções.cy.js",
      "beforeHooks": [],
      "afterHooks": [],
      "tests": [],
      "suites": [
        {
          "uuid": "9ee5130f-914f-45ec-a815-fc111b3d8d2c",
          "title": "Valida a página Soluções",
          "fullFile": "",
          "file": "",
          "beforeHooks": [],
          "afterHooks": [],
          "tests": [
            {
              "title": " Liviu Content",
              "fullTitle": "Valida a página Soluções  Liviu Content",
              "timedOut": null,
              "duration": 8638,
              "state": "passed",
              "speed": "medium",
              "pass": true,
              "fail": false,
              "pending": false,
              "context": null,
              "code": "cy.visit('https://adaptliviu.com.br/liviu-content');\n// Valida título da página\ncy.contains('Tecnologia de ponta em experiências educacionais personalizadas').should('be.visible');\n// Valida botões principais\ncy.contains('Solicite uma desmonstração').should('be.visible'); // Nome incorreto\ncy.contains('Fale com a nossa equipe').should('be.visible');\n// Valida bloco de assinaturas - Equipes\ncy.contains('Crie materiais didáticos mais rápido').should('be.visible');\n// Planos Equipes\ncy.contains('R$ 1.999 por mês').should('be.visible'); // Básico\ncy.contains('R$ 2.667 por mês').should('be.visible'); // Plus\ncy.contains('R$ 2.999 por mês').should('be.visible'); // Pro\ncy.wait(1000);\n// Valida bloco de assinaturas - Pessoal\ncy.get('#e-n-tab-title-1275273432 > .e-n-tab-title-text').click({\n  force: true\n});\n// Planos Pessoal\ncy.contains('Gratuito').should('be.visible'); // Plano Gratuito\ncy.contains('R$ 99,00 por mês').should('be.visible'); // Plano Pessoal\ncy.contains('Plano customizado').should('be.visible'); // Plano Customizado",
              "err": {},
              "uuid": "5f6c19f6-61f2-4f0c-b202-d16019f555d9",
              "parentUUID": "9ee5130f-914f-45ec-a815-fc111b3d8d2c",
              "isHook": false,
              "skipped": false
            },
            {
              "title": " Liviu LMS",
              "fullTitle": "Valida a página Soluções  Liviu LMS",
              "timedOut": null,
              "duration": 2299,
              "state": "passed",
              "speed": "fast",
              "pass": true,
              "fail": false,
              "pending": false,
              "context": null,
              "code": "cy.visit('https://adaptliviu.com.br/liviu-lms/');\n// Valida título da página\ncy.contains('Tenha seu próprio LMS personalizado').should('be.visible');\n// Valida botões principais\ncy.contains('Fale com a nossa equipe').should('be.visible');\n// Valida bloco de Planos\n// Básico\ncy.get('.elementor-element-25d20960').then($el => {\n  expect($el.text()).to.include('Básico');\n  expect($el.text()).to.include('150 usuários');\n});\n// Plus\ncy.get('.elementor-element-af062c2').then($el => {\n  expect($el.text()).to.include('Plus');\n  expect($el.text()).to.include('500 usuários');\n});\n// Pro\ncy.get('.elementor-element-50eaea53').then($el => {\n  expect($el.text()).to.include('Pro');\n  expect($el.text()).to.include('1000 usuários');\n});",
              "err": {},
              "uuid": "a052a1cd-4eb6-4233-90c4-864b085ce161",
              "parentUUID": "9ee5130f-914f-45ec-a815-fc111b3d8d2c",
              "isHook": false,
              "skipped": false
            },
            {
              "title": " Liviu Drive",
              "fullTitle": "Valida a página Soluções  Liviu Drive",
              "timedOut": null,
              "duration": 1709,
              "state": "passed",
              "speed": "fast",
              "pass": true,
              "fail": false,
              "pending": false,
              "context": null,
              "code": "cy.visit('https://adaptliviu.com.br/liviu-drive/');\n// Valida título da página\ncy.contains('Organize, armazene e acesse os conteúdos dos seus cursos de forma eficiente').should('be.visible');\n// Valida botões principais\ncy.contains('Fale com a nossa equipe').should('be.visible');",
              "err": {},
              "uuid": "324358c4-b39c-4189-a4e5-c50bbe8ea29b",
              "parentUUID": "9ee5130f-914f-45ec-a815-fc111b3d8d2c",
              "isHook": false,
              "skipped": false
            }
          ],
          "suites": [],
          "passes": [
            "5f6c19f6-61f2-4f0c-b202-d16019f555d9",
            "a052a1cd-4eb6-4233-90c4-864b085ce161",
            "324358c4-b39c-4189-a4e5-c50bbe8ea29b"
          ],
          "failures": [],
          "pending": [],
          "skipped": [],
          "duration": 12646,
          "root": false,
          "rootEmpty": false,
          "_timeout": 2000
        }
      ],
      "passes": [],
      "failures": [],
      "pending": [],
      "skipped": [],
      "duration": 0,
      "root": true,
      "rootEmpty": true,
      "_timeout": 2000
    }
  ],
  "meta": {
    "mocha": {
      "version": "7.0.1"
    },
    "mochawesome": {
      "options": {
        "quiet": false,
        "reportFilename": "mochawesome",
        "saveHtml": true,
        "saveJson": true,
        "consoleReporter": "spec",
        "useInlineDiffs": false,
        "code": true
      },
      "version": "7.1.3"
    },
    "marge": {
      "options": {
        "reportDir": "cypress/reports/mochawesome",
        "overwrite": false,
        "html": true,
        "json": true,
        "timestamp": "mmddyyyy_HHMMss",
        "embeddedScreenshots": true,
        "inlineAssets": true
      },
      "version": "6.2.0"
    }
  }
}