{
  "stats": {
    "suites": 1,
    "tests": 2,
    "passes": 2,
    "pending": 0,
    "failures": 0,
    "start": "2025-02-27T21:02:46.479Z",
    "end": "2025-02-27T21:03:09.259Z",
    "duration": 22780,
    "testsRegistered": 2,
    "passPercent": 100,
    "pendingPercent": 0,
    "other": 0,
    "hasOther": false,
    "skipped": 0,
    "hasSkipped": false
  },
  "results": [
    {
      "uuid": "e80e682d-1018-4b7c-b5d6-aaaf86517b47",
      "title": "",
      "fullFile": "cypress\\e2e\\Valida Formulario.cy.js",
      "file": "cypress\\e2e\\Valida Formulario.cy.js",
      "beforeHooks": [],
      "afterHooks": [],
      "tests": [],
      "suites": [
        {
          "uuid": "2c56e629-fb8c-48f0-ad2f-46531e7fcc28",
          "title": "Valida Formulario",
          "fullFile": "",
          "file": "",
          "beforeHooks": [],
          "afterHooks": [],
          "tests": [
            {
              "title": " Enviando dados corretamente",
              "fullTitle": "Valida Formulario  Enviando dados corretamente",
              "timedOut": null,
              "duration": 11918,
              "state": "passed",
              "speed": "slow",
              "pass": true,
              "fail": false,
              "pending": false,
              "context": null,
              "code": "cy.get('#form-field-name').type('Teste');\ncy.get('#form-field-email').type('teste@teste.com');\ncy.get('#form-field-message').type('Empresa teste');\ncy.get('#form-field-field_f4f7f90');\ncy.get('#form-field-field_195975d').type('48999999999');\ncy.get('#form-field-field_98bbe7d').type('Teste texto');\ncy.get('.elementor-field-type-submit > .elementor-button > .elementor-button-content-wrapper > .elementor-button-text').click({\n  force: true\n});\ncy.get('.elementor-message').contains('Inscrição realizada com sucesso! Em breve nosso time entrará em contato.').should('be.visible');",
              "err": {},
              "uuid": "21ab46d8-0355-4c1c-9f37-afa507695d9d",
              "parentUUID": "2c56e629-fb8c-48f0-ad2f-46531e7fcc28",
              "isHook": false,
              "skipped": false
            },
            {
              "title": " Enviando dados Incorretos",
              "fullTitle": "Valida Formulario  Enviando dados Incorretos",
              "timedOut": null,
              "duration": 6446,
              "state": "passed",
              "speed": "medium",
              "pass": true,
              "fail": false,
              "pending": false,
              "context": null,
              "code": "cy.get('#form-field-name').type('123????4');\ncy.get('#form-field-email').type('teste@teste.com');\ncy.get('#form-field-message').type('????');\ncy.get('#form-field-field_f4f7f90');\ncy.get('#form-field-field_195975d').type('texto???');\ncy.get('#form-field-field_98bbe7d').type('&&&***¨*%¨%¨%¨%');\ncy.get('.elementor-field-type-submit > .elementor-button > .elementor-button-content-wrapper > .elementor-button-text').click({\n  force: true\n});\ncy.get('.elementor-message').contains('Inscrição realizada com sucesso! Em breve nosso time entrará em contato.').should('be.visible'); // Aqui deveria Falhar com uma fraes de dados invalidos",
              "err": {},
              "uuid": "0ae75431-8b31-46cf-afde-cb17f8cbcca7",
              "parentUUID": "2c56e629-fb8c-48f0-ad2f-46531e7fcc28",
              "isHook": false,
              "skipped": false
            }
          ],
          "suites": [],
          "passes": [
            "21ab46d8-0355-4c1c-9f37-afa507695d9d",
            "0ae75431-8b31-46cf-afde-cb17f8cbcca7"
          ],
          "failures": [],
          "pending": [],
          "skipped": [],
          "duration": 18364,
          "root": false,
          "rootEmpty": false,
          "_timeout": 2000
        }
      ],
      "passes": [],
      "failures": [],
      "pending": [],
      "skipped": [],
      "duration": 0,
      "root": true,
      "rootEmpty": true,
      "_timeout": 2000
    }
  ],
  "meta": {
    "mocha": {
      "version": "7.0.1"
    },
    "mochawesome": {
      "options": {
        "quiet": false,
        "reportFilename": "mochawesome",
        "saveHtml": true,
        "saveJson": true,
        "consoleReporter": "spec",
        "useInlineDiffs": false,
        "code": true
      },
      "version": "7.1.3"
    },
    "marge": {
      "options": {
        "reportDir": "cypress/reports/mochawesome",
        "overwrite": false,
        "html": true,
        "json": true,
        "timestamp": "mmddyyyy_HHMMss",
        "embeddedScreenshots": true,
        "inlineAssets": true
      },
      "version": "6.2.0"
    }
  }
}