{
  "stats": {
    "suites": 8,
    "tests": 17,
    "passes": 15,
    "pending": 0,
    "failures": 1,
    "testsRegistered": 17,
    "passPercent": 88.23529411764706,
    "pendingPercent": 0,
    "other": 0,
    "hasOther": false,
    "skipped": 1,
    "hasSkipped": true,
    "start": "2025-02-27T20:58:47.398Z",
    "end": "2025-02-27T21:03:31.948Z",
    "duration": 284550
  },
  "results": [
    {
      "uuid": "30c345a9-b6b6-4ac9-babf-72c53120e4e7",
      "title": "",
      "fullFile": "cypress\\e2e\\Valida Formulario.cy.js",
      "file": "cypress\\e2e\\Valida Formulario.cy.js",
      "beforeHooks": [],
      "afterHooks": [],
      "tests": [],
      "suites": [
        {
          "uuid": "dc22ecc7-610a-47ec-88a1-48e83c15e25a",
          "title": "Valida Formulario",
          "fullFile": "",
          "file": "",
          "beforeHooks": [],
          "afterHooks": [],
          "tests": [
            {
              "title": " Enviando dados corretamente",
              "fullTitle": "Valida Formulario  Enviando dados corretamente",
              "timedOut": null,
              "duration": 60363,
              "state": "failed",
              "speed": null,
              "pass": false,
              "fail": true,
              "pending": false,
              "context": null,
              "code": "cy.get('#form-field-name').type('Teste');\ncy.get('#form-field-email').type('teste@teste.com');\ncy.get('#form-field-message').type('Empresa teste');\ncy.get('#form-field-field_f4f7f90');\ncy.get('#form-field-field_195975d').type('48999999999');\ncy.get('#form-field-field_98bbe7d').type('Teste texto');\ncy.get('.elementor-field-type-submit > .elementor-button > .elementor-button-content-wrapper > .elementor-button-text').click({\n  force: true\n});\ncy.get('.elementor-message').contains('Inscrição realizada com sucesso! Em breve nosso time entrará em contato.').should('be.visible');",
              "err": {
                "message": "CypressError: Timed out after waiting `60000ms` for your remote page to load.\n\nYour page did not fire its `load` event within `60000ms`.\n\nYou can try increasing the `pageLoadTimeout` value in `cypress.config.js` to wait longer.\n\nBrowsers will not fire the `load` event until all stylesheets and scripts are done downloading.\n\nWhen this `load` event occurs, Cypress will continue running commands.\n\nBecause this error occurred during a `before each` hook we are skipping the remaining tests in the current suite: `Valida Formulario`",
                "estack": "CypressError: Timed out after waiting `60000ms` for your remote page to load.\n\nYour page did not fire its `load` event within `60000ms`.\n\nYou can try increasing the `pageLoadTimeout` value in `cypress.config.js` to wait longer.\n\nBrowsers will not fire the `load` event until all stylesheets and scripts are done downloading.\n\nWhen this `load` event occurs, Cypress will continue running commands.\n\nBecause this error occurred during a `before each` hook we are skipping the remaining tests in the current suite: `Valida Formulario`\n    at timedOutWaitingForPageLoad (https://adaptliviu.com.br/__cypress/runner/cypress_runner.js:131363:64)\n    at <unknown> (https://adaptliviu.com.br/__cypress/runner/cypress_runner.js:132357:16)\n    at tryCatcher (https://adaptliviu.com.br/__cypress/runner/cypress_runner.js:1777:23)\n    at <unknown> (https://adaptliviu.com.br/__cypress/runner/cypress_runner.js:4156:41)\n    at tryCatcher (https://adaptliviu.com.br/__cypress/runner/cypress_runner.js:1777:23)\n    at Promise._settlePromiseFromHandler (https://adaptliviu.com.br/__cypress/runner/cypress_runner.js:1489:31)\n    at Promise._settlePromise (https://adaptliviu.com.br/__cypress/runner/cypress_runner.js:1546:18)\n    at Promise._settlePromise0 (https://adaptliviu.com.br/__cypress/runner/cypress_runner.js:1591:10)\n    at Promise._settlePromises (https://adaptliviu.com.br/__cypress/runner/cypress_runner.js:1667:18)\n    at _drainQueueStep (https://adaptliviu.com.br/__cypress/runner/cypress_runner.js:2377:12)\n    at _drainQueue (https://adaptliviu.com.br/__cypress/runner/cypress_runner.js:2370:9)\n    at Async._drainQueues (https://adaptliviu.com.br/__cypress/runner/cypress_runner.js:2386:5)\n    at Async.drainQueues (https://adaptliviu.com.br/__cypress/runner/cypress_runner.js:2256:14)\nFrom Your Spec Code:\n    at Context.eval (webpack://teste-tecnico-adaptedtech/./cypress/e2e/Valida Formulario.cy.js:4:9)",
                "diff": null
              },
              "uuid": "0622518a-ad0d-4633-ac5e-e8bac9da9e39",
              "parentUUID": "dc22ecc7-610a-47ec-88a1-48e83c15e25a",
              "isHook": false,
              "skipped": false
            },
            {
              "title": " Enviando dados Incorretos",
              "fullTitle": "Valida Formulario  Enviando dados Incorretos",
              "timedOut": null,
              "duration": 0,
              "state": "skipped",
              "speed": null,
              "pass": false,
              "fail": false,
              "pending": false,
              "context": null,
              "code": "cy.get('#form-field-name').type('123????4');\ncy.get('#form-field-email').type('teste@teste.com');\ncy.get('#form-field-message').type('????');\ncy.get('#form-field-field_f4f7f90');\ncy.get('#form-field-field_195975d').type('texto???');\ncy.get('#form-field-field_98bbe7d').type('&&&***¨*%¨%¨%¨%');\ncy.get('.elementor-field-type-submit > .elementor-button > .elementor-button-content-wrapper > .elementor-button-text').click({\n  force: true\n});\ncy.get('.elementor-message').contains('Inscrição realizada com sucesso! Em breve nosso time entrará em contato.').should('be.visible'); // Aqui deveria Falhar com uma fraes de dados invalidos",
              "err": {},
              "uuid": "94ba66a0-a41a-4d76-b94f-14f49134ff04",
              "parentUUID": "dc22ecc7-610a-47ec-88a1-48e83c15e25a",
              "isHook": false,
              "skipped": true
            }
          ],
          "suites": [],
          "passes": [],
          "failures": [
            "0622518a-ad0d-4633-ac5e-e8bac9da9e39"
          ],
          "pending": [],
          "skipped": [
            "94ba66a0-a41a-4d76-b94f-14f49134ff04"
          ],
          "duration": 60363,
          "root": false,
          "rootEmpty": false,
          "_timeout": 2000
        }
      ],
      "passes": [],
      "failures": [],
      "pending": [],
      "skipped": [],
      "duration": 0,
      "root": true,
      "rootEmpty": true,
      "_timeout": 2000
    },
    {
      "uuid": "95144d5d-3178-47b8-91a4-9417c361f70e",
      "title": "",
      "fullFile": "cypress\\e2e\\Valida Pagina de soluções.cy.js",
      "file": "cypress\\e2e\\Valida Pagina de soluções.cy.js",
      "beforeHooks": [],
      "afterHooks": [],
      "tests": [],
      "suites": [
        {
          "uuid": "c5ab154c-f7d8-4adf-a2f5-d73748c9e948",
          "title": "Valida a página Soluções",
          "fullFile": "",
          "file": "",
          "beforeHooks": [],
          "afterHooks": [],
          "tests": [
            {
              "title": " Liviu Content",
              "fullTitle": "Valida a página Soluções  Liviu Content",
              "timedOut": null,
              "duration": 8611,
              "state": "passed",
              "speed": "medium",
              "pass": true,
              "fail": false,
              "pending": false,
              "context": null,
              "code": "cy.visit('https://adaptliviu.com.br/liviu-content');\n// Valida título da página\ncy.contains('Tecnologia de ponta em experiências educacionais personalizadas').should('be.visible');\n// Valida botões principais\ncy.contains('Solicite uma desmonstração').should('be.visible'); // Nome incorreto\ncy.contains('Fale com a nossa equipe').should('be.visible');\n// Valida bloco de assinaturas - Equipes\ncy.contains('Crie materiais didáticos mais rápido').should('be.visible');\n// Planos Equipes\ncy.contains('R$ 1.999 por mês').should('be.visible'); // Básico\ncy.contains('R$ 2.667 por mês').should('be.visible'); // Plus\ncy.contains('R$ 2.999 por mês').should('be.visible'); // Pro\ncy.wait(1000);\n// Valida bloco de assinaturas - Pessoal\ncy.get('#e-n-tab-title-1275273432 > .e-n-tab-title-text').click({\n  force: true\n});\n// Planos Pessoal\ncy.contains('Gratuito').should('be.visible'); // Plano Gratuito\ncy.contains('R$ 99,00 por mês').should('be.visible'); // Plano Pessoal\ncy.contains('Plano customizado').should('be.visible'); // Plano Customizado",
              "err": {},
              "uuid": "f972c39e-09ff-4c66-bfb9-8b60e5d5943d",
              "parentUUID": "c5ab154c-f7d8-4adf-a2f5-d73748c9e948",
              "isHook": false,
              "skipped": false
            },
            {
              "title": " Liviu LMS",
              "fullTitle": "Valida a página Soluções  Liviu LMS",
              "timedOut": null,
              "duration": 3183,
              "state": "passed",
              "speed": "fast",
              "pass": true,
              "fail": false,
              "pending": false,
              "context": null,
              "code": "cy.visit('https://adaptliviu.com.br/liviu-lms/');\n// Valida título da página\ncy.contains('Tenha seu próprio LMS personalizado').should('be.visible');\n// Valida botões principais\ncy.contains('Fale com a nossa equipe').should('be.visible');\n// Valida bloco de Planos\n// Básico\ncy.get('.elementor-element-25d20960').then($el => {\n  expect($el.text()).to.include('Básico');\n  expect($el.text()).to.include('150 usuários');\n});\n// Plus\ncy.get('.elementor-element-af062c2').then($el => {\n  expect($el.text()).to.include('Plus');\n  expect($el.text()).to.include('500 usuários');\n});\n// Pro\ncy.get('.elementor-element-50eaea53').then($el => {\n  expect($el.text()).to.include('Pro');\n  expect($el.text()).to.include('1000 usuários');\n});",
              "err": {},
              "uuid": "6c709dbb-d285-403a-9d42-5df9f31b7ec4",
              "parentUUID": "c5ab154c-f7d8-4adf-a2f5-d73748c9e948",
              "isHook": false,
              "skipped": false
            },
            {
              "title": " Liviu Drive",
              "fullTitle": "Valida a página Soluções  Liviu Drive",
              "timedOut": null,
              "duration": 2123,
              "state": "passed",
              "speed": "fast",
              "pass": true,
              "fail": false,
              "pending": false,
              "context": null,
              "code": "cy.visit('https://adaptliviu.com.br/liviu-drive/');\n// Valida título da página\ncy.contains('Organize, armazene e acesse os conteúdos dos seus cursos de forma eficiente').should('be.visible');\n// Valida botões principais\ncy.contains('Fale com a nossa equipe').should('be.visible');",
              "err": {},
              "uuid": "470c2cc5-ff80-4082-badd-c56e33514984",
              "parentUUID": "c5ab154c-f7d8-4adf-a2f5-d73748c9e948",
              "isHook": false,
              "skipped": false
            }
          ],
          "suites": [],
          "passes": [
            "f972c39e-09ff-4c66-bfb9-8b60e5d5943d",
            "6c709dbb-d285-403a-9d42-5df9f31b7ec4",
            "470c2cc5-ff80-4082-badd-c56e33514984"
          ],
          "failures": [],
          "pending": [],
          "skipped": [],
          "duration": 13917,
          "root": false,
          "rootEmpty": false,
          "_timeout": 2000
        }
      ],
      "passes": [],
      "failures": [],
      "pending": [],
      "skipped": [],
      "duration": 0,
      "root": true,
      "rootEmpty": true,
      "_timeout": 2000
    },
    {
      "uuid": "269398b0-a01c-4034-aa79-67613de22cf7",
      "title": "",
      "fullFile": "cypress\\e2e\\Valida quem somos.cy.js",
      "file": "cypress\\e2e\\Valida quem somos.cy.js",
      "beforeHooks": [],
      "afterHooks": [],
      "tests": [],
      "suites": [
        {
          "uuid": "f60a374d-8ee9-49c2-bde2-4835eaa476bf",
          "title": "Pagina Quem Somos",
          "fullFile": "",
          "file": "",
          "beforeHooks": [],
          "afterHooks": [],
          "tests": [
            {
              "title": "Valida Informações principais",
              "fullTitle": "Pagina Quem Somos Valida Informações principais",
              "timedOut": null,
              "duration": 9049,
              "state": "passed",
              "speed": "medium",
              "pass": true,
              "fail": false,
              "pending": false,
              "context": null,
              "code": "cy.contains('Quem somos').click();\ncy.contains('Nós criamos ambientes de treinamento e estudos online para desenvolver pessoas').should('be.visible'); // Valida frase inicial do site\ncy.contains('Nossa missão é ser a solução mais confiável para nossos clientes e parceiros.').should('be.visible'); // Valida frase missão\ncy.contains('Especialistas em inovações educacionais').should('be.visible'); // Valida frase Especialidades",
              "err": {},
              "uuid": "7190690c-a6a8-4c3f-a105-538c15ce1937",
              "parentUUID": "f60a374d-8ee9-49c2-bde2-4835eaa476bf",
              "isHook": false,
              "skipped": false
            }
          ],
          "suites": [],
          "passes": [
            "7190690c-a6a8-4c3f-a105-538c15ce1937"
          ],
          "failures": [],
          "pending": [],
          "skipped": [],
          "duration": 9049,
          "root": false,
          "rootEmpty": false,
          "_timeout": 2000
        }
      ],
      "passes": [],
      "failures": [],
      "pending": [],
      "skipped": [],
      "duration": 0,
      "root": true,
      "rootEmpty": true,
      "_timeout": 2000
    },
    {
      "uuid": "33a97d37-d6a8-4ca2-b693-87eb3f6cccf6",
      "title": "",
      "fullFile": "cypress\\e2e\\Valida Formulario.cy.js",
      "file": "cypress\\e2e\\Valida Formulario.cy.js",
      "beforeHooks": [],
      "afterHooks": [],
      "tests": [],
      "suites": [
        {
          "uuid": "e2696f2c-4b85-4879-b638-d5c9bc40d23d",
          "title": "Valida Formulario",
          "fullFile": "",
          "file": "",
          "beforeHooks": [],
          "afterHooks": [],
          "tests": [
            {
              "title": " Enviando dados corretamente",
              "fullTitle": "Valida Formulario  Enviando dados corretamente",
              "timedOut": null,
              "duration": 13180,
              "state": "passed",
              "speed": "slow",
              "pass": true,
              "fail": false,
              "pending": false,
              "context": null,
              "code": "cy.get('#form-field-name').type('Teste');\ncy.get('#form-field-email').type('teste@teste.com');\ncy.get('#form-field-message').type('Empresa teste');\ncy.get('#form-field-field_f4f7f90');\ncy.get('#form-field-field_195975d').type('48999999999');\ncy.get('#form-field-field_98bbe7d').type('Teste texto');\ncy.get('.elementor-field-type-submit > .elementor-button > .elementor-button-content-wrapper > .elementor-button-text').click({\n  force: true\n});\ncy.get('.elementor-message').contains('Inscrição realizada com sucesso! Em breve nosso time entrará em contato.').should('be.visible');",
              "err": {},
              "uuid": "6a860629-090c-4ad2-97f7-a827aa9f726d",
              "parentUUID": "e2696f2c-4b85-4879-b638-d5c9bc40d23d",
              "isHook": false,
              "skipped": false
            },
            {
              "title": " Enviando dados Incorretos",
              "fullTitle": "Valida Formulario  Enviando dados Incorretos",
              "timedOut": null,
              "duration": 5466,
              "state": "passed",
              "speed": "medium",
              "pass": true,
              "fail": false,
              "pending": false,
              "context": null,
              "code": "cy.get('#form-field-name').type('123????4');\ncy.get('#form-field-email').type('teste@teste.com');\ncy.get('#form-field-message').type('????');\ncy.get('#form-field-field_f4f7f90');\ncy.get('#form-field-field_195975d').type('texto???');\ncy.get('#form-field-field_98bbe7d').type('&&&***¨*%¨%¨%¨%');\ncy.get('.elementor-field-type-submit > .elementor-button > .elementor-button-content-wrapper > .elementor-button-text').click({\n  force: true\n});\ncy.get('.elementor-message').contains('Inscrição realizada com sucesso! Em breve nosso time entrará em contato.').should('be.visible'); // Aqui deveria Falhar com uma fraes de dados invalidos",
              "err": {},
              "uuid": "b88efb4b-b757-41e9-99da-6d5d00d716b8",
              "parentUUID": "e2696f2c-4b85-4879-b638-d5c9bc40d23d",
              "isHook": false,
              "skipped": false
            }
          ],
          "suites": [],
          "passes": [
            "6a860629-090c-4ad2-97f7-a827aa9f726d",
            "b88efb4b-b757-41e9-99da-6d5d00d716b8"
          ],
          "failures": [],
          "pending": [],
          "skipped": [],
          "duration": 18646,
          "root": false,
          "rootEmpty": false,
          "_timeout": 2000
        }
      ],
      "passes": [],
      "failures": [],
      "pending": [],
      "skipped": [],
      "duration": 0,
      "root": true,
      "rootEmpty": true,
      "_timeout": 2000
    },
    {
      "uuid": "e2199ed1-0336-4a6e-9cf2-d3dea4b149fc",
      "title": "",
      "fullFile": "cypress\\e2e\\Valida Pagina de soluções.cy.js",
      "file": "cypress\\e2e\\Valida Pagina de soluções.cy.js",
      "beforeHooks": [],
      "afterHooks": [],
      "tests": [],
      "suites": [
        {
          "uuid": "3b919d57-18e8-4f1a-acd5-6f565477b1d4",
          "title": "Valida a página Soluções",
          "fullFile": "",
          "file": "",
          "beforeHooks": [],
          "afterHooks": [],
          "tests": [
            {
              "title": " Liviu Content",
              "fullTitle": "Valida a página Soluções  Liviu Content",
              "timedOut": null,
              "duration": 9238,
              "state": "passed",
              "speed": "medium",
              "pass": true,
              "fail": false,
              "pending": false,
              "context": null,
              "code": "cy.visit('https://adaptliviu.com.br/liviu-content');\n// Valida título da página\ncy.contains('Tecnologia de ponta em experiências educacionais personalizadas').should('be.visible');\n// Valida botões principais\ncy.contains('Solicite uma desmonstração').should('be.visible'); // Nome incorreto\ncy.contains('Fale com a nossa equipe').should('be.visible');\n// Valida bloco de assinaturas - Equipes\ncy.contains('Crie materiais didáticos mais rápido').should('be.visible');\n// Planos Equipes\ncy.contains('R$ 1.999 por mês').should('be.visible'); // Básico\ncy.contains('R$ 2.667 por mês').should('be.visible'); // Plus\ncy.contains('R$ 2.999 por mês').should('be.visible'); // Pro\ncy.wait(1000);\n// Valida bloco de assinaturas - Pessoal\ncy.get('#e-n-tab-title-1275273432 > .e-n-tab-title-text').click({\n  force: true\n});\n// Planos Pessoal\ncy.contains('Gratuito').should('be.visible'); // Plano Gratuito\ncy.contains('R$ 99,00 por mês').should('be.visible'); // Plano Pessoal\ncy.contains('Plano customizado').should('be.visible'); // Plano Customizado",
              "err": {},
              "uuid": "61e08295-6828-4f7b-9c80-a331a7166556",
              "parentUUID": "3b919d57-18e8-4f1a-acd5-6f565477b1d4",
              "isHook": false,
              "skipped": false
            },
            {
              "title": " Liviu LMS",
              "fullTitle": "Valida a página Soluções  Liviu LMS",
              "timedOut": null,
              "duration": 3674,
              "state": "passed",
              "speed": "fast",
              "pass": true,
              "fail": false,
              "pending": false,
              "context": null,
              "code": "cy.visit('https://adaptliviu.com.br/liviu-lms/');\n// Valida título da página\ncy.contains('Tenha seu próprio LMS personalizado').should('be.visible');\n// Valida botões principais\ncy.contains('Fale com a nossa equipe').should('be.visible');\n// Valida bloco de Planos\n// Básico\ncy.get('.elementor-element-25d20960').then($el => {\n  expect($el.text()).to.include('Básico');\n  expect($el.text()).to.include('150 usuários');\n});\n// Plus\ncy.get('.elementor-element-af062c2').then($el => {\n  expect($el.text()).to.include('Plus');\n  expect($el.text()).to.include('500 usuários');\n});\n// Pro\ncy.get('.elementor-element-50eaea53').then($el => {\n  expect($el.text()).to.include('Pro');\n  expect($el.text()).to.include('1000 usuários');\n});",
              "err": {},
              "uuid": "0d75d884-dde1-4871-9564-88c27b4f4fdc",
              "parentUUID": "3b919d57-18e8-4f1a-acd5-6f565477b1d4",
              "isHook": false,
              "skipped": false
            },
            {
              "title": " Liviu Drive",
              "fullTitle": "Valida a página Soluções  Liviu Drive",
              "timedOut": null,
              "duration": 2239,
              "state": "passed",
              "speed": "fast",
              "pass": true,
              "fail": false,
              "pending": false,
              "context": null,
              "code": "cy.visit('https://adaptliviu.com.br/liviu-drive/');\n// Valida título da página\ncy.contains('Organize, armazene e acesse os conteúdos dos seus cursos de forma eficiente').should('be.visible');\n// Valida botões principais\ncy.contains('Fale com a nossa equipe').should('be.visible');",
              "err": {},
              "uuid": "a6965a07-2580-4a4d-a8b1-07f4f1b2afc6",
              "parentUUID": "3b919d57-18e8-4f1a-acd5-6f565477b1d4",
              "isHook": false,
              "skipped": false
            }
          ],
          "suites": [],
          "passes": [
            "61e08295-6828-4f7b-9c80-a331a7166556",
            "0d75d884-dde1-4871-9564-88c27b4f4fdc",
            "a6965a07-2580-4a4d-a8b1-07f4f1b2afc6"
          ],
          "failures": [],
          "pending": [],
          "skipped": [],
          "duration": 15151,
          "root": false,
          "rootEmpty": false,
          "_timeout": 2000
        }
      ],
      "passes": [],
      "failures": [],
      "pending": [],
      "skipped": [],
      "duration": 0,
      "root": true,
      "rootEmpty": true,
      "_timeout": 2000
    },
    {
      "uuid": "e80e682d-1018-4b7c-b5d6-aaaf86517b47",
      "title": "",
      "fullFile": "cypress\\e2e\\Valida Formulario.cy.js",
      "file": "cypress\\e2e\\Valida Formulario.cy.js",
      "beforeHooks": [],
      "afterHooks": [],
      "tests": [],
      "suites": [
        {
          "uuid": "2c56e629-fb8c-48f0-ad2f-46531e7fcc28",
          "title": "Valida Formulario",
          "fullFile": "",
          "file": "",
          "beforeHooks": [],
          "afterHooks": [],
          "tests": [
            {
              "title": " Enviando dados corretamente",
              "fullTitle": "Valida Formulario  Enviando dados corretamente",
              "timedOut": null,
              "duration": 11918,
              "state": "passed",
              "speed": "slow",
              "pass": true,
              "fail": false,
              "pending": false,
              "context": null,
              "code": "cy.get('#form-field-name').type('Teste');\ncy.get('#form-field-email').type('teste@teste.com');\ncy.get('#form-field-message').type('Empresa teste');\ncy.get('#form-field-field_f4f7f90');\ncy.get('#form-field-field_195975d').type('48999999999');\ncy.get('#form-field-field_98bbe7d').type('Teste texto');\ncy.get('.elementor-field-type-submit > .elementor-button > .elementor-button-content-wrapper > .elementor-button-text').click({\n  force: true\n});\ncy.get('.elementor-message').contains('Inscrição realizada com sucesso! Em breve nosso time entrará em contato.').should('be.visible');",
              "err": {},
              "uuid": "21ab46d8-0355-4c1c-9f37-afa507695d9d",
              "parentUUID": "2c56e629-fb8c-48f0-ad2f-46531e7fcc28",
              "isHook": false,
              "skipped": false
            },
            {
              "title": " Enviando dados Incorretos",
              "fullTitle": "Valida Formulario  Enviando dados Incorretos",
              "timedOut": null,
              "duration": 6446,
              "state": "passed",
              "speed": "medium",
              "pass": true,
              "fail": false,
              "pending": false,
              "context": null,
              "code": "cy.get('#form-field-name').type('123????4');\ncy.get('#form-field-email').type('teste@teste.com');\ncy.get('#form-field-message').type('????');\ncy.get('#form-field-field_f4f7f90');\ncy.get('#form-field-field_195975d').type('texto???');\ncy.get('#form-field-field_98bbe7d').type('&&&***¨*%¨%¨%¨%');\ncy.get('.elementor-field-type-submit > .elementor-button > .elementor-button-content-wrapper > .elementor-button-text').click({\n  force: true\n});\ncy.get('.elementor-message').contains('Inscrição realizada com sucesso! Em breve nosso time entrará em contato.').should('be.visible'); // Aqui deveria Falhar com uma fraes de dados invalidos",
              "err": {},
              "uuid": "0ae75431-8b31-46cf-afde-cb17f8cbcca7",
              "parentUUID": "2c56e629-fb8c-48f0-ad2f-46531e7fcc28",
              "isHook": false,
              "skipped": false
            }
          ],
          "suites": [],
          "passes": [
            "21ab46d8-0355-4c1c-9f37-afa507695d9d",
            "0ae75431-8b31-46cf-afde-cb17f8cbcca7"
          ],
          "failures": [],
          "pending": [],
          "skipped": [],
          "duration": 18364,
          "root": false,
          "rootEmpty": false,
          "_timeout": 2000
        }
      ],
      "passes": [],
      "failures": [],
      "pending": [],
      "skipped": [],
      "duration": 0,
      "root": true,
      "rootEmpty": true,
      "_timeout": 2000
    },
    {
      "uuid": "3296794e-eae5-47d0-b9ef-6d3acf07b9fa",
      "title": "",
      "fullFile": "cypress\\e2e\\Valida quem somos.cy.js",
      "file": "cypress\\e2e\\Valida quem somos.cy.js",
      "beforeHooks": [],
      "afterHooks": [],
      "tests": [],
      "suites": [
        {
          "uuid": "03059037-b904-4fa6-a6c4-79f8a9eba59d",
          "title": "Pagina Quem Somos",
          "fullFile": "",
          "file": "",
          "beforeHooks": [],
          "afterHooks": [],
          "tests": [
            {
              "title": "Valida Informações principais",
              "fullTitle": "Pagina Quem Somos Valida Informações principais",
              "timedOut": null,
              "duration": 14382,
              "state": "passed",
              "speed": "slow",
              "pass": true,
              "fail": false,
              "pending": false,
              "context": null,
              "code": "cy.contains('Quem somos').click();\ncy.contains('Nós criamos ambientes de treinamento e estudos online para desenvolver pessoas').should('be.visible'); // Valida frase inicial do site\ncy.contains('Nossa missão é ser a solução mais confiável para nossos clientes e parceiros.').should('be.visible'); // Valida frase missão\ncy.contains('Especialistas em inovações educacionais').should('be.visible'); // Valida frase Especialidades",
              "err": {},
              "uuid": "7b1c81ec-cd6d-43ce-b84a-f6c007825237",
              "parentUUID": "03059037-b904-4fa6-a6c4-79f8a9eba59d",
              "isHook": false,
              "skipped": false
            }
          ],
          "suites": [],
          "passes": [
            "7b1c81ec-cd6d-43ce-b84a-f6c007825237"
          ],
          "failures": [],
          "pending": [],
          "skipped": [],
          "duration": 14382,
          "root": false,
          "rootEmpty": false,
          "_timeout": 2000
        }
      ],
      "passes": [],
      "failures": [],
      "pending": [],
      "skipped": [],
      "duration": 0,
      "root": true,
      "rootEmpty": true,
      "_timeout": 2000
    },
    {
      "uuid": "8343af6d-afb3-45ce-b187-dc9288931777",
      "title": "",
      "fullFile": "cypress\\e2e\\Valida Pagina de soluções.cy.js",
      "file": "cypress\\e2e\\Valida Pagina de soluções.cy.js",
      "beforeHooks": [],
      "afterHooks": [],
      "tests": [],
      "suites": [
        {
          "uuid": "35034281-ae0e-49f0-80c2-04c3c2d7f7e0",
          "title": "Valida a página Soluções",
          "fullFile": "",
          "file": "",
          "beforeHooks": [],
          "afterHooks": [],
          "tests": [
            {
              "title": " Liviu Content",
              "fullTitle": "Valida a página Soluções  Liviu Content",
              "timedOut": null,
              "duration": 8648,
              "state": "passed",
              "speed": "medium",
              "pass": true,
              "fail": false,
              "pending": false,
              "context": null,
              "code": "cy.visit('https://adaptliviu.com.br/liviu-content');\n// Valida título da página\ncy.contains('Tecnologia de ponta em experiências educacionais personalizadas').should('be.visible');\n// Valida botões principais\ncy.contains('Solicite uma desmonstração').should('be.visible'); // Nome incorreto\ncy.contains('Fale com a nossa equipe').should('be.visible');\n// Valida bloco de assinaturas - Equipes\ncy.contains('Crie materiais didáticos mais rápido').should('be.visible');\n// Planos Equipes\ncy.contains('R$ 1.999 por mês').should('be.visible'); // Básico\ncy.contains('R$ 2.667 por mês').should('be.visible'); // Plus\ncy.contains('R$ 2.999 por mês').should('be.visible'); // Pro\ncy.wait(1000);\n// Valida bloco de assinaturas - Pessoal\ncy.get('#e-n-tab-title-1275273432 > .e-n-tab-title-text').click({\n  force: true\n});\n// Planos Pessoal\ncy.contains('Gratuito').should('be.visible'); // Plano Gratuito\ncy.contains('R$ 99,00 por mês').should('be.visible'); // Plano Pessoal\ncy.contains('Plano customizado').should('be.visible'); // Plano Customizado",
              "err": {},
              "uuid": "6c6996c3-e7eb-4cc5-bba5-4b2f0da88346",
              "parentUUID": "35034281-ae0e-49f0-80c2-04c3c2d7f7e0",
              "isHook": false,
              "skipped": false
            },
            {
              "title": " Liviu LMS",
              "fullTitle": "Valida a página Soluções  Liviu LMS",
              "timedOut": null,
              "duration": 3193,
              "state": "passed",
              "speed": "fast",
              "pass": true,
              "fail": false,
              "pending": false,
              "context": null,
              "code": "cy.visit('https://adaptliviu.com.br/liviu-lms/');\n// Valida título da página\ncy.contains('Tenha seu próprio LMS personalizado').should('be.visible');\n// Valida botões principais\ncy.contains('Fale com a nossa equipe').should('be.visible');\n// Valida bloco de Planos\n// Básico\ncy.get('.elementor-element-25d20960').then($el => {\n  expect($el.text()).to.include('Básico');\n  expect($el.text()).to.include('150 usuários');\n});\n// Plus\ncy.get('.elementor-element-af062c2').then($el => {\n  expect($el.text()).to.include('Plus');\n  expect($el.text()).to.include('500 usuários');\n});\n// Pro\ncy.get('.elementor-element-50eaea53').then($el => {\n  expect($el.text()).to.include('Pro');\n  expect($el.text()).to.include('1000 usuários');\n});",
              "err": {},
              "uuid": "9f2dfdd5-9a47-4839-a66c-f9b56a684e0d",
              "parentUUID": "35034281-ae0e-49f0-80c2-04c3c2d7f7e0",
              "isHook": false,
              "skipped": false
            },
            {
              "title": " Liviu Drive",
              "fullTitle": "Valida a página Soluções  Liviu Drive",
              "timedOut": null,
              "duration": 2002,
              "state": "passed",
              "speed": "fast",
              "pass": true,
              "fail": false,
              "pending": false,
              "context": null,
              "code": "cy.visit('https://adaptliviu.com.br/liviu-drive/');\n// Valida título da página\ncy.contains('Organize, armazene e acesse os conteúdos dos seus cursos de forma eficiente').should('be.visible');\n// Valida botões principais\ncy.contains('Fale com a nossa equipe').should('be.visible');",
              "err": {},
              "uuid": "ea37f541-f7b5-4cf3-bce5-094731bdfb4f",
              "parentUUID": "35034281-ae0e-49f0-80c2-04c3c2d7f7e0",
              "isHook": false,
              "skipped": false
            }
          ],
          "suites": [],
          "passes": [
            "6c6996c3-e7eb-4cc5-bba5-4b2f0da88346",
            "9f2dfdd5-9a47-4839-a66c-f9b56a684e0d",
            "ea37f541-f7b5-4cf3-bce5-094731bdfb4f"
          ],
          "failures": [],
          "pending": [],
          "skipped": [],
          "duration": 13843,
          "root": false,
          "rootEmpty": false,
          "_timeout": 2000
        }
      ],
      "passes": [],
      "failures": [],
      "pending": [],
      "skipped": [],
      "duration": 0,
      "root": true,
      "rootEmpty": true,
      "_timeout": 2000
    }
  ],
  "meta": {
    "mocha": {
      "version": "7.0.1"
    },
    "mochawesome": {
      "options": {
        "quiet": false,
        "reportFilename": "mochawesome",
        "saveHtml": true,
        "saveJson": true,
        "consoleReporter": "spec",
        "useInlineDiffs": false,
        "code": true
      },
      "version": "7.1.3"
    },
    "marge": {
      "options": {
        "reportDir": "cypress/reports/mochawesome",
        "overwrite": false,
        "html": true,
        "json": true,
        "timestamp": "mmddyyyy_HHMMss",
        "embeddedScreenshots": true,
        "inlineAssets": true
      },
      "version": "6.2.0"
    }
  }
}